[2025/12/29 01:45:54]: §9          __             _       
[2025/12/29 01:45:54]: §9  _ __   / /  ___   __ _(_)_ __  
[2025/12/29 01:45:54]: §9 | '_ \ / /  / _ \ / _` | | '_ \ 
[2025/12/29 01:45:54]: §9 | | | / /__| (_) | (_| | | | | |
[2025/12/29 01:45:54]: §9 |_| |_\____/\___/ \__, |_|_| |_|
[2025/12/29 01:45:54]: §9                  |___/            
[2025/12/29 01:45:54]: §9 By: www.nickuc.com - V 10.4.23
[2025/12/29 01:45:54]: §9 
[2025/12/29 01:45:54]: §3[nLogin] [DEBUG] All settings were loaded in 641 ms.
[2025/12/29 01:45:55]: §3[nLogin] [DEBUG] Loading the messages_en.yml message file...
[2025/12/29 01:45:55]: §3[nLogin] [DEBUG] All plugin messages were loaded in 152 ms (languageByClient=false).
[2025/12/29 01:45:55]: §3[nLogin] [DEBUG] All proxy settings were loaded in 26 ms.
[2025/12/29 01:45:55]: §3[nLogin] [DEBUG] Loading database...
[2025/12/29 01:45:55]: §3[nLogin] [DEBUG] Starting logger filter...
[2025/12/29 01:46:00]: 
[2025/12/29 01:46:00]:  §bThank you so much for choosing nLogin! §4<3
[2025/12/29 01:46:00]: 
[2025/12/29 01:46:00]:  §4For your safety, please read the message below:
[2025/12/29 01:46:00]:   §cNever download nLogin from unknown sources.
[2025/12/29 01:46:00]:   §cA modified version may contain malicious software.
[2025/12/29 01:46:00]: 
[2025/12/29 01:46:00]:  §3Trusted sources:
[2025/12/29 01:46:00]:   §bwww.nickuc.com
[2025/12/29 01:46:00]:   §bwww.github.com/nickuc
[2025/12/29 01:46:00]:   §bOpeNLogin installer (from Spigot or GitHub)
[2025/12/29 01:46:00]: 
[2025/12/29 01:46:00]:  §3Official support channels:
[2025/12/29 01:46:00]:   §bDiscord group: §fwww.nickuc.com/discord
[2025/12/29 01:46:00]:   §bDocumentation: §fdocs.nickuc.com/nlogin/
[2025/12/29 01:46:00]:   §bEmail: §fsupport@nickuc.com
[2025/12/29 01:46:00]:   §bYouTube: §fyoutube.com/nickuc
[2025/12/29 01:46:00]: 
[2025/12/29 01:46:00]:  §eTo remove this warning, log in with "nlogin.admin" permission on the server
[2025/12/29 01:46:00]:  §eand click the "Setup plugin" button to configure your plugin.
[2025/12/29 01:46:00]: 
[2025/12/29 01:46:38]: §3[nLogin] [DEBUG] [SQLite] [UPDATE]: "UPDATE `nlogin` SET `last_name` = 'Jmo_fr', `unique_id` = b03095a333ff3c52a7a7104e93b1c3da,  `mojang_id` = null,  `bedrock_id` = null,  `password` = '$2a$10$j2H3ZEGMTvmk2k247qf1FeDKS96pKi9cGFnmKf5SOkGuCtSL9LOqK', `last_ip` = '0:0:0:0:0:0:0:1', `creation_date` = 2025-12-15 20:12:37.442, `last_seen` = 2025-12-29 01:46:38.305, `email` = null, `discord` = null, `settings` = '{"settings":[{"value":"survival","key":"last-server"},{"value":"en","key":"language"}],"version":0}' WHERE `ai` = 6" (applied to [last_ip, last_seen, settings] columns)
[2025/12/29 01:46:38]: [nLogin] The user Jmo_fr has successfully logged in.
[2025/12/29 02:16:23]: §3[nLogin] [DEBUG] [SQLite] [UPDATE]: "UPDATE `nlogin` SET `last_name` = 'Jmo_fr', `unique_id` = b03095a333ff3c52a7a7104e93b1c3da,  `mojang_id` = null,  `bedrock_id` = null,  `password` = '$2a$10$j2H3ZEGMTvmk2k247qf1FeDKS96pKi9cGFnmKf5SOkGuCtSL9LOqK', `last_ip` = '0:0:0:0:0:0:0:1', `creation_date` = 2025-12-15 20:12:37.442, `last_seen` = 2025-12-29 02:16:23.239, `email` = null, `discord` = null, `settings` = '{"settings":[{"value":"survival","key":"last-server"},{"value":"en","key":"language"}],"version":0}' WHERE `ai` = 6" (applied to [last_seen, settings] columns)
[2025/12/29 02:16:37]: §3[nLogin] [DEBUG] [SQLite] [UPDATE]: "UPDATE `nlogin` SET `last_name` = 'Jmo_fr', `unique_id` = b03095a333ff3c52a7a7104e93b1c3da,  `mojang_id` = null,  `bedrock_id` = null,  `password` = '$2a$10$j2H3ZEGMTvmk2k247qf1FeDKS96pKi9cGFnmKf5SOkGuCtSL9LOqK', `last_ip` = '0:0:0:0:0:0:0:1', `creation_date` = 2025-12-15 20:12:37.442, `last_seen` = 2025-12-29 02:16:36.998, `email` = null, `discord` = null, `settings` = '{"settings":[{"value":"survival","key":"last-server"},{"value":"en","key":"language"}],"version":0}' WHERE `ai` = 6" (applied to [last_ip, last_seen, settings] columns)
[2025/12/29 02:16:37]: [nLogin] The user Jmo_fr has successfully logged in.
[2025/12/29 02:43:45]: §3[nLogin] [DEBUG] [SQLite] [UPDATE]: "UPDATE `nlogin` SET `last_name` = 'Jmo_fr', `unique_id` = b03095a333ff3c52a7a7104e93b1c3da,  `mojang_id` = null,  `bedrock_id` = null,  `password` = '$2a$10$j2H3ZEGMTvmk2k247qf1FeDKS96pKi9cGFnmKf5SOkGuCtSL9LOqK', `last_ip` = '0:0:0:0:0:0:0:1', `creation_date` = 2025-12-15 20:12:37.442, `last_seen` = 2025-12-29 02:43:45.328, `email` = null, `discord` = null, `settings` = '{"settings":[{"value":"survival","key":"last-server"},{"value":"en","key":"language"}],"version":0}' WHERE `ai` = 6" (applied to [last_seen, settings] columns)
[2025/12/29 02:45:16]: §3[nLogin] [DEBUG] [SQLite] [UPDATE]: "UPDATE `nlogin` SET `last_name` = 'Jmo_fr', `unique_id` = b03095a333ff3c52a7a7104e93b1c3da,  `mojang_id` = null,  `bedrock_id` = null,  `password` = '$2a$10$j2H3ZEGMTvmk2k247qf1FeDKS96pKi9cGFnmKf5SOkGuCtSL9LOqK', `last_ip` = '0:0:0:0:0:0:0:1', `creation_date` = 2025-12-15 20:12:37.442, `last_seen` = 2025-12-29 02:45:16.754, `email` = null, `discord` = null, `settings` = '{"settings":[{"value":"survival","key":"last-server"},{"value":"en","key":"language"}],"version":0}' WHERE `ai` = 6" (applied to [last_ip, last_seen, settings] columns)
[2025/12/29 02:45:16]: [nLogin] The user Jmo_fr has successfully logged in.
[2025/12/29 03:25:00]: §3[nLogin] [DEBUG] [SQLite] [UPDATE]: "UPDATE `nlogin` SET `last_name` = 'Jmo_fr', `unique_id` = b03095a333ff3c52a7a7104e93b1c3da,  `mojang_id` = null,  `bedrock_id` = null,  `password` = '$2a$10$j2H3ZEGMTvmk2k247qf1FeDKS96pKi9cGFnmKf5SOkGuCtSL9LOqK', `last_ip` = '0:0:0:0:0:0:0:1', `creation_date` = 2025-12-15 20:12:37.442, `last_seen` = 2025-12-29 03:25:00.349, `email` = null, `discord` = null, `settings` = '{"settings":[{"value":"auth","key":"last-server"},{"value":"en","key":"language"}],"version":0}' WHERE `ai` = 6" (applied to [last_seen, settings] columns)
[2025/12/29 03:26:19]: §3[nLogin] [DEBUG] [SQLite] [UPDATE]: "UPDATE `nlogin` SET `last_name` = 'Jmo_fr', `unique_id` = b03095a333ff3c52a7a7104e93b1c3da,  `mojang_id` = null,  `bedrock_id` = null,  `password` = '$2a$10$j2H3ZEGMTvmk2k247qf1FeDKS96pKi9cGFnmKf5SOkGuCtSL9LOqK', `last_ip` = '0:0:0:0:0:0:0:1', `creation_date` = 2025-12-15 20:12:37.442, `last_seen` = 2025-12-29 03:26:19.378, `email` = null, `discord` = null, `settings` = '{"settings":[{"value":"auth","key":"last-server"},{"value":"en","key":"language"}],"version":0}' WHERE `ai` = 6" (applied to [last_ip, last_seen, settings] columns)
[2025/12/29 03:26:19]: [nLogin] The user Jmo_fr has successfully logged in.
[2025/12/29 04:26:50]: §3[nLogin] [DEBUG] [SQLite] [UPDATE]: "UPDATE `nlogin` SET `last_name` = 'Jmo_fr', `unique_id` = b03095a333ff3c52a7a7104e93b1c3da,  `mojang_id` = null,  `bedrock_id` = null,  `password` = '$2a$10$j2H3ZEGMTvmk2k247qf1FeDKS96pKi9cGFnmKf5SOkGuCtSL9LOqK', `last_ip` = '0:0:0:0:0:0:0:1', `creation_date` = 2025-12-15 20:12:37.442, `last_seen` = 2025-12-29 04:26:50.497, `email` = null, `discord` = null, `settings` = '{"settings":[{"value":"auth","key":"last-server"},{"value":"en","key":"language"}],"version":0}' WHERE `ai` = 6" (applied to [last_seen, settings] columns)
[2025/12/29 04:32:24]: §3[nLogin] [DEBUG] [SQLite] [UPDATE]: "UPDATE `nlogin` SET `last_name` = 'Jmo_fr', `unique_id` = b03095a333ff3c52a7a7104e93b1c3da,  `mojang_id` = null,  `bedrock_id` = null,  `password` = '$2a$10$j2H3ZEGMTvmk2k247qf1FeDKS96pKi9cGFnmKf5SOkGuCtSL9LOqK', `last_ip` = '0:0:0:0:0:0:0:1', `creation_date` = 2025-12-15 20:12:37.442, `last_seen` = 2025-12-29 04:32:24.429, `email` = null, `discord` = null, `settings` = '{"settings":[{"value":"auth","key":"last-server"},{"value":"en","key":"language"}],"version":0}' WHERE `ai` = 6" (applied to [last_ip, last_seen, settings] columns)
[2025/12/29 04:32:24]: [nLogin] The user Jmo_fr has successfully logged in.
[2025/12/29 04:54:22]: §3[nLogin] [DEBUG] [SQLite] [UPDATE]: "INSERT INTO `nlogin` (`last_name`, `unique_id`, `mojang_id`, `bedrock_id`, `password`, `last_ip`, `creation_date`, `last_seen`, `email`, `discord`, `settings`) VALUES ('feminine_fellow', 429b2bf25f003b3b8507b198412ff1ac, null, null, '$2a$10$2TEgMmKjnRHbQy74NRudwOM2TL96/XAXY.6R/8RLcRv/MIAE735I2', '0:0:0:0:0:0:0:1', '2025-12-29 04:54:22.631', '2025-12-29 04:54:22.631', null, null, '{"settings":[{"value":true,"key":"force-invalid-session"}],"version":0}')" (applied to all columns)
[2025/12/29 04:54:22]: [nLogin] The user feminine_fellow has successfully registered.
[2025/12/29 04:54:39]: §3[nLogin] [DEBUG] [SQLite] [UPDATE]: "UPDATE `nlogin` SET `last_name` = 'feminine_fellow', `unique_id` = 429b2bf25f003b3b8507b198412ff1ac,  `mojang_id` = null,  `bedrock_id` = null,  `password` = '$2a$10$2TEgMmKjnRHbQy74NRudwOM2TL96/XAXY.6R/8RLcRv/MIAE735I2', `last_ip` = '0:0:0:0:0:0:0:1', `creation_date` = 2025-12-29 04:54:22.631, `last_seen` = 2025-12-29 04:54:39.501, `email` = null, `discord` = null, `settings` = '{"settings":[{"value":true,"key":"force-invalid-session"},{"value":"auth","key":"last-server"},{"value":"en","key":"language"}],"version":0}' WHERE `ai` = 13" (applied to [last_seen, settings] columns)
[2025/12/29 04:54:46]: §3[nLogin] [DEBUG] [SQLite] [UPDATE]: "UPDATE `nlogin` SET `last_name` = 'feminine_fellow', `unique_id` = 429b2bf25f003b3b8507b198412ff1ac,  `mojang_id` = null,  `bedrock_id` = null,  `password` = '$2a$10$2TEgMmKjnRHbQy74NRudwOM2TL96/XAXY.6R/8RLcRv/MIAE735I2', `last_ip` = '0:0:0:0:0:0:0:1', `creation_date` = 2025-12-29 04:54:22.631, `last_seen` = 2025-12-29 04:54:46.8, `email` = null, `discord` = null, `settings` = '{"settings":[{"value":"auth","key":"last-server"},{"value":"en","key":"language"}],"version":0}' WHERE `ai` = 13" (applied to [last_ip, last_seen, settings] columns)
[2025/12/29 04:54:46]: [nLogin] The user feminine_fellow has successfully logged in.
[2025/12/29 04:54:52]: §3[nLogin] [DEBUG] [SQLite] [UPDATE]: "UPDATE `nlogin` SET `last_name` = 'feminine_fellow', `unique_id` = 429b2bf25f003b3b8507b198412ff1ac,  `mojang_id` = null,  `bedrock_id` = null,  `password` = '$2a$10$2TEgMmKjnRHbQy74NRudwOM2TL96/XAXY.6R/8RLcRv/MIAE735I2', `last_ip` = '0:0:0:0:0:0:0:1', `creation_date` = 2025-12-29 04:54:22.631, `last_seen` = 2025-12-29 04:54:52.931, `email` = null, `discord` = null, `settings` = '{"settings":[{"value":"auth","key":"last-server"},{"value":"en","key":"language"}],"version":0}' WHERE `ai` = 13" (applied to [last_seen, settings] columns)
[2025/12/29 04:55:34]: §3[nLogin] [DEBUG] [SQLite] [UPDATE]: "UPDATE `nlogin` SET `last_name` = 'feminine_fellow', `unique_id` = 429b2bf25f003b3b8507b198412ff1ac,  `mojang_id` = null,  `bedrock_id` = null,  `password` = '$2a$10$2TEgMmKjnRHbQy74NRudwOM2TL96/XAXY.6R/8RLcRv/MIAE735I2', `last_ip` = '0:0:0:0:0:0:0:1', `creation_date` = 2025-12-29 04:54:22.631, `last_seen` = 2025-12-29 04:55:34.595, `email` = null, `discord` = null, `settings` = '{"settings":[{"value":"auth","key":"last-server"},{"value":"en","key":"language"}],"version":0}' WHERE `ai` = 13" (applied to [last_ip, last_seen, settings] columns)
[2025/12/29 04:55:34]: [nLogin] The user feminine_fellow has successfully logged in.
[2025/12/29 04:58:31]: §3[nLogin] [DEBUG] [SQLite] [UPDATE]: "UPDATE `nlogin` SET `last_name` = 'feminine_fellow', `unique_id` = 429b2bf25f003b3b8507b198412ff1ac,  `mojang_id` = null,  `bedrock_id` = null,  `password` = '$2a$10$2TEgMmKjnRHbQy74NRudwOM2TL96/XAXY.6R/8RLcRv/MIAE735I2', `last_ip` = '0:0:0:0:0:0:0:1', `creation_date` = 2025-12-29 04:54:22.631, `last_seen` = 2025-12-29 04:58:31.183, `email` = null, `discord` = null, `settings` = '{"settings":[{"value":"survival","key":"last-server"},{"value":"en","key":"language"}],"version":0}' WHERE `ai` = 13" (applied to [last_seen, settings] columns)
[2025/12/29 04:58:45]: §3[nLogin] [DEBUG] [SQLite] [UPDATE]: "UPDATE `nlogin` SET `last_name` = 'feminine_fellow', `unique_id` = 429b2bf25f003b3b8507b198412ff1ac,  `mojang_id` = null,  `bedrock_id` = null,  `password` = '$2a$10$2TEgMmKjnRHbQy74NRudwOM2TL96/XAXY.6R/8RLcRv/MIAE735I2', `last_ip` = '0:0:0:0:0:0:0:1', `creation_date` = 2025-12-29 04:54:22.631, `last_seen` = 2025-12-29 04:58:45.888, `email` = null, `discord` = null, `settings` = '{"settings":[{"value":"survival","key":"last-server"},{"value":"en","key":"language"}],"version":0}' WHERE `ai` = 13" (applied to [last_ip, last_seen, settings] columns)
[2025/12/29 04:58:45]: [nLogin] The user feminine_fellow has successfully logged in.
[2025/12/29 05:00:56]: §3[nLogin] [DEBUG] [SQLite] [UPDATE]: "UPDATE `nlogin` SET `last_name` = 'feminine_fellow', `unique_id` = 429b2bf25f003b3b8507b198412ff1ac,  `mojang_id` = null,  `bedrock_id` = null,  `password` = '$2a$10$2TEgMmKjnRHbQy74NRudwOM2TL96/XAXY.6R/8RLcRv/MIAE735I2', `last_ip` = '0:0:0:0:0:0:0:1', `creation_date` = 2025-12-29 04:54:22.631, `last_seen` = 2025-12-29 05:00:56.936, `email` = null, `discord` = null, `settings` = '{"settings":[{"value":"survival","key":"last-server"},{"value":"en","key":"language"}],"version":0}' WHERE `ai` = 13" (applied to [last_seen, settings] columns)
[2025/12/29 05:01:21]: §3[nLogin] [DEBUG] [SQLite] [UPDATE]: "UPDATE `nlogin` SET `last_name` = 'feminine_fellow', `unique_id` = 429b2bf25f003b3b8507b198412ff1ac,  `mojang_id` = null,  `bedrock_id` = null,  `password` = '$2a$10$2TEgMmKjnRHbQy74NRudwOM2TL96/XAXY.6R/8RLcRv/MIAE735I2', `last_ip` = '0:0:0:0:0:0:0:1', `creation_date` = 2025-12-29 04:54:22.631, `last_seen` = 2025-12-29 05:01:21.711, `email` = null, `discord` = null, `settings` = '{"settings":[{"value":"survival","key":"last-server"},{"value":"en","key":"language"}],"version":0}' WHERE `ai` = 13" (applied to [last_ip, last_seen, settings] columns)
[2025/12/29 05:01:21]: [nLogin] The user feminine_fellow has successfully logged in.
[2025/12/29 06:50:45]: §3[nLogin] [DEBUG] [SQLite] [UPDATE]: "UPDATE `nlogin` SET `last_name` = 'feminine_fellow', `unique_id` = 429b2bf25f003b3b8507b198412ff1ac,  `mojang_id` = null,  `bedrock_id` = null,  `password` = '$2a$10$2TEgMmKjnRHbQy74NRudwOM2TL96/XAXY.6R/8RLcRv/MIAE735I2', `last_ip` = '0:0:0:0:0:0:0:1', `creation_date` = 2025-12-29 04:54:22.631, `last_seen` = 2025-12-29 06:50:45.179, `email` = null, `discord` = null, `settings` = '{"settings":[{"value":"survival","key":"last-server"},{"value":"en","key":"language"}],"version":0}' WHERE `ai` = 13" (applied to [last_seen, settings] columns)
[2025/12/29 06:50:45]: §3[nLogin] [DEBUG] [SQLite] [UPDATE]: "UPDATE `nlogin` SET `last_name` = 'Jmo_fr', `unique_id` = b03095a333ff3c52a7a7104e93b1c3da,  `mojang_id` = null,  `bedrock_id` = null,  `password` = '$2a$10$j2H3ZEGMTvmk2k247qf1FeDKS96pKi9cGFnmKf5SOkGuCtSL9LOqK', `last_ip` = '0:0:0:0:0:0:0:1', `creation_date` = 2025-12-15 20:12:37.442, `last_seen` = 2025-12-29 06:50:45.74, `email` = null, `discord` = null, `settings` = '{"settings":[{"value":"survival","key":"last-server"},{"value":"en","key":"language"}],"version":0}' WHERE `ai` = 6" (applied to [last_seen, settings] columns)
[2025/12/29 06:51:37]: §3[nLogin] [DEBUG] [SQLite] [UPDATE]: "UPDATE `nlogin` SET `last_name` = 'Jmo_fr', `unique_id` = b03095a333ff3c52a7a7104e93b1c3da,  `mojang_id` = null,  `bedrock_id` = null,  `password` = '$2a$10$j2H3ZEGMTvmk2k247qf1FeDKS96pKi9cGFnmKf5SOkGuCtSL9LOqK', `last_ip` = '0:0:0:0:0:0:0:1', `creation_date` = 2025-12-15 20:12:37.442, `last_seen` = 2025-12-29 06:51:37.963, `email` = null, `discord` = null, `settings` = '{"settings":[{"value":"survival","key":"last-server"},{"value":"en","key":"language"}],"version":0}' WHERE `ai` = 6" (applied to [last_ip, last_seen, settings] columns)
[2025/12/29 06:51:37]: [nLogin] The user Jmo_fr has successfully logged in.
[2025/12/29 06:55:41]: §3[nLogin] [DEBUG] [SQLite] [UPDATE]: "UPDATE `nlogin` SET `last_name` = 'feminine_fellow', `unique_id` = 429b2bf25f003b3b8507b198412ff1ac,  `mojang_id` = null,  `bedrock_id` = null,  `password` = '$2a$10$2TEgMmKjnRHbQy74NRudwOM2TL96/XAXY.6R/8RLcRv/MIAE735I2', `last_ip` = '0:0:0:0:0:0:0:1', `creation_date` = 2025-12-29 04:54:22.631, `last_seen` = 2025-12-29 06:55:41.211, `email` = null, `discord` = null, `settings` = '{"settings":[{"value":"survival","key":"last-server"},{"value":"en","key":"language"}],"version":0}' WHERE `ai` = 13" (applied to [last_ip, last_seen, settings] columns)
[2025/12/29 06:55:41]: [nLogin] The user feminine_fellow has successfully logged in.
[2025/12/29 07:17:05]: §3[nLogin] [DEBUG] [SQLite] [UPDATE]: "UPDATE `nlogin` SET `last_name` = 'feminine_fellow', `unique_id` = 429b2bf25f003b3b8507b198412ff1ac,  `mojang_id` = null,  `bedrock_id` = null,  `password` = '$2a$10$2TEgMmKjnRHbQy74NRudwOM2TL96/XAXY.6R/8RLcRv/MIAE735I2', `last_ip` = '0:0:0:0:0:0:0:1', `creation_date` = 2025-12-29 04:54:22.631, `last_seen` = 2025-12-29 07:17:05.759, `email` = null, `discord` = null, `settings` = '{"settings":[{"value":"auth","key":"last-server"},{"value":"en","key":"language"}],"version":0}' WHERE `ai` = 13" (applied to [last_seen, settings] columns)
[2025/12/29 07:19:42]: §3[nLogin] [DEBUG] [SQLite] [UPDATE]: "UPDATE `nlogin` SET `last_name` = 'Jmo_fr', `unique_id` = b03095a333ff3c52a7a7104e93b1c3da,  `mojang_id` = null,  `bedrock_id` = null,  `password` = '$2a$10$j2H3ZEGMTvmk2k247qf1FeDKS96pKi9cGFnmKf5SOkGuCtSL9LOqK', `last_ip` = '0:0:0:0:0:0:0:1', `creation_date` = 2025-12-15 20:12:37.442, `last_seen` = 2025-12-29 07:19:42.761, `email` = null, `discord` = null, `settings` = '{"settings":[{"value":"survival","key":"last-server"},{"value":"en","key":"language"}],"version":0}' WHERE `ai` = 6" (applied to [last_seen, settings] columns)
