[2025/12/28 19:40:32]: §9          __             _       
[2025/12/28 19:40:32]: §9  _ __   / /  ___   __ _(_)_ __  
[2025/12/28 19:40:32]: §9 | '_ \ / /  / _ \ / _` | | '_ \ 
[2025/12/28 19:40:32]: §9 | | | / /__| (_) | (_| | | | | |
[2025/12/28 19:40:32]: §9 |_| |_\____/\___/ \__, |_|_| |_|
[2025/12/28 19:40:32]: §9                  |___/            
[2025/12/28 19:40:32]: §9 By: www.nickuc.com - V 10.4.23
[2025/12/28 19:40:32]: §9 
[2025/12/28 19:40:32]: §3[nLogin] [DEBUG] All settings were loaded in 346 ms.
[2025/12/28 19:40:33]: §3[nLogin] [DEBUG] Loading the messages_en.yml message file...
[2025/12/28 19:40:33]: §3[nLogin] [DEBUG] All plugin messages were loaded in 163 ms (languageByClient=false).
[2025/12/28 19:40:33]: §3[nLogin] [DEBUG] All proxy settings were loaded in 23 ms.
[2025/12/28 19:40:33]: §3[nLogin] [DEBUG] Loading database...
[2025/12/28 19:40:33]: §3[nLogin] [DEBUG] Starting logger filter...
[2025/12/28 19:40:38]: 
[2025/12/28 19:40:38]:  §bThank you so much for choosing nLogin! §4<3
[2025/12/28 19:40:38]: 
[2025/12/28 19:40:38]:  §4For your safety, please read the message below:
[2025/12/28 19:40:38]:   §cNever download nLogin from unknown sources.
[2025/12/28 19:40:38]:   §cA modified version may contain malicious software.
[2025/12/28 19:40:38]: 
[2025/12/28 19:40:38]:  §3Trusted sources:
[2025/12/28 19:40:38]:   §bwww.nickuc.com
[2025/12/28 19:40:38]:   §bwww.github.com/nickuc
[2025/12/28 19:40:38]:   §bOpeNLogin installer (from Spigot or GitHub)
[2025/12/28 19:40:38]: 
[2025/12/28 19:40:38]:  §3Official support channels:
[2025/12/28 19:40:38]:   §bDiscord group: §fwww.nickuc.com/discord
[2025/12/28 19:40:38]:   §bDocumentation: §fdocs.nickuc.com/nlogin/
[2025/12/28 19:40:38]:   §bEmail: §fsupport@nickuc.com
[2025/12/28 19:40:38]:   §bYouTube: §fyoutube.com/nickuc
[2025/12/28 19:40:38]: 
[2025/12/28 19:40:38]:  §eTo remove this warning, log in with "nlogin.admin" permission on the server
[2025/12/28 19:40:38]:  §eand click the "Setup plugin" button to configure your plugin.
[2025/12/28 19:40:38]: 
[2025/12/28 19:50:00]: §3[nLogin] [DEBUG] [SQLite] [UPDATE]: "UPDATE `nlogin` SET `last_name` = 'Jmo_fr', `unique_id` = b03095a333ff3c52a7a7104e93b1c3da,  `mojang_id` = null,  `bedrock_id` = null,  `password` = '$2a$10$j2H3ZEGMTvmk2k247qf1FeDKS96pKi9cGFnmKf5SOkGuCtSL9LOqK', `last_ip` = '0:0:0:0:0:0:0:1', `creation_date` = 2025-12-15 20:12:37.442, `last_seen` = 2025-12-28 19:50:00.527, `email` = null, `discord` = null, `settings` = '{"settings":[{"value":"survival","key":"last-server"},{"value":"en","key":"language"}],"version":0}' WHERE `ai` = 6" (applied to [last_ip, last_seen, settings] columns)
[2025/12/28 19:50:00]: [nLogin] The user Jmo_fr has successfully logged in.
[2025/12/28 19:51:59]: §3[nLogin] [DEBUG] [SQLite] [UPDATE]: "UPDATE `nlogin` SET `last_name` = 'Jmo_fr', `unique_id` = b03095a333ff3c52a7a7104e93b1c3da,  `mojang_id` = null,  `bedrock_id` = null,  `password` = '$2a$10$j2H3ZEGMTvmk2k247qf1FeDKS96pKi9cGFnmKf5SOkGuCtSL9LOqK', `last_ip` = '0:0:0:0:0:0:0:1', `creation_date` = 2025-12-15 20:12:37.442, `last_seen` = 2025-12-28 19:51:59.908, `email` = null, `discord` = null, `settings` = '{"settings":[{"value":"auth","key":"last-server"},{"value":"en","key":"language"}],"version":0}' WHERE `ai` = 6" (applied to [last_seen, settings] columns)
[2025/12/28 19:53:21]: §3[nLogin] [DEBUG] [SQLite] [UPDATE]: "UPDATE `nlogin` SET `last_name` = 'Jmo_fr', `unique_id` = b03095a333ff3c52a7a7104e93b1c3da,  `mojang_id` = null,  `bedrock_id` = null,  `password` = '$2a$10$j2H3ZEGMTvmk2k247qf1FeDKS96pKi9cGFnmKf5SOkGuCtSL9LOqK', `last_ip` = '0:0:0:0:0:0:0:1', `creation_date` = 2025-12-15 20:12:37.442, `last_seen` = 2025-12-28 19:53:21.54, `email` = null, `discord` = null, `settings` = '{"settings":[{"value":"auth","key":"last-server"},{"value":"en","key":"language"}],"version":0}' WHERE `ai` = 6" (applied to [last_ip, last_seen, settings] columns)
[2025/12/28 19:53:21]: [nLogin] The user Jmo_fr has successfully logged in.
[2025/12/28 19:54:37]: §3[nLogin] [DEBUG] [SQLite] [UPDATE]: "UPDATE `nlogin` SET `last_name` = 'Jmo_fr', `unique_id` = b03095a333ff3c52a7a7104e93b1c3da,  `mojang_id` = null,  `bedrock_id` = null,  `password` = '$2a$10$j2H3ZEGMTvmk2k247qf1FeDKS96pKi9cGFnmKf5SOkGuCtSL9LOqK', `last_ip` = '0:0:0:0:0:0:0:1', `creation_date` = 2025-12-15 20:12:37.442, `last_seen` = 2025-12-28 19:54:37.199, `email` = null, `discord` = null, `settings` = '{"settings":[{"value":"survival","key":"last-server"},{"value":"en","key":"language"}],"version":0}' WHERE `ai` = 6" (applied to [last_seen, settings] columns)
[2025/12/28 20:05:16]: §3[nLogin] [DEBUG] [SQLite] [UPDATE]: "UPDATE `nlogin` SET `last_name` = 'Jmo_fr', `unique_id` = b03095a333ff3c52a7a7104e93b1c3da,  `mojang_id` = null,  `bedrock_id` = null,  `password` = '$2a$10$j2H3ZEGMTvmk2k247qf1FeDKS96pKi9cGFnmKf5SOkGuCtSL9LOqK', `last_ip` = '0:0:0:0:0:0:0:1', `creation_date` = 2025-12-15 20:12:37.442, `last_seen` = 2025-12-28 20:05:16.059, `email` = null, `discord` = null, `settings` = '{"settings":[{"value":"survival","key":"last-server"},{"value":"en","key":"language"}],"version":0}' WHERE `ai` = 6" (applied to [last_ip, last_seen, settings] columns)
[2025/12/28 20:05:16]: [nLogin] The user Jmo_fr has successfully logged in.
[2025/12/28 20:53:34]: §3[nLogin] [DEBUG] [SQLite] [UPDATE]: "UPDATE `nlogin` SET `last_name` = 'Jmo_fr', `unique_id` = b03095a333ff3c52a7a7104e93b1c3da,  `mojang_id` = null,  `bedrock_id` = null,  `password` = '$2a$10$j2H3ZEGMTvmk2k247qf1FeDKS96pKi9cGFnmKf5SOkGuCtSL9LOqK', `last_ip` = '0:0:0:0:0:0:0:1', `creation_date` = 2025-12-15 20:12:37.442, `last_seen` = 2025-12-28 20:53:34.351, `email` = null, `discord` = null, `settings` = '{"settings":[{"value":"survival","key":"last-server"},{"value":"en","key":"language"}],"version":0}' WHERE `ai` = 6" (applied to [last_seen, settings] columns)
[2025/12/28 20:55:39]: §3[nLogin] [DEBUG] [SQLite] [UPDATE]: "UPDATE `nlogin` SET `last_name` = 'Jmo_fr', `unique_id` = b03095a333ff3c52a7a7104e93b1c3da,  `mojang_id` = null,  `bedrock_id` = null,  `password` = '$2a$10$j2H3ZEGMTvmk2k247qf1FeDKS96pKi9cGFnmKf5SOkGuCtSL9LOqK', `last_ip` = '0:0:0:0:0:0:0:1', `creation_date` = 2025-12-15 20:12:37.442, `last_seen` = 2025-12-28 20:55:39.712, `email` = null, `discord` = null, `settings` = '{"settings":[{"value":"survival","key":"last-server"},{"value":"en","key":"language"}],"version":0}' WHERE `ai` = 6" (applied to [last_ip, last_seen, settings] columns)
[2025/12/28 20:55:39]: [nLogin] The user Jmo_fr has successfully logged in.
[2025/12/28 21:07:57]: §3[nLogin] [DEBUG] [SQLite] [UPDATE]: "UPDATE `nlogin` SET `last_name` = 'Jmo_fr', `unique_id` = b03095a333ff3c52a7a7104e93b1c3da,  `mojang_id` = null,  `bedrock_id` = null,  `password` = '$2a$10$j2H3ZEGMTvmk2k247qf1FeDKS96pKi9cGFnmKf5SOkGuCtSL9LOqK', `last_ip` = '0:0:0:0:0:0:0:1', `creation_date` = 2025-12-15 20:12:37.442, `last_seen` = 2025-12-28 21:07:57.087, `email` = null, `discord` = null, `settings` = '{"settings":[{"value":"survival","key":"last-server"},{"value":"en","key":"language"}],"version":0}' WHERE `ai` = 6" (applied to [last_seen, settings] columns)
[2025/12/28 21:09:12]: §3[nLogin] [DEBUG] [SQLite] [UPDATE]: "UPDATE `nlogin` SET `last_name` = 'Jmo_fr', `unique_id` = b03095a333ff3c52a7a7104e93b1c3da,  `mojang_id` = null,  `bedrock_id` = null,  `password` = '$2a$10$j2H3ZEGMTvmk2k247qf1FeDKS96pKi9cGFnmKf5SOkGuCtSL9LOqK', `last_ip` = '0:0:0:0:0:0:0:1', `creation_date` = 2025-12-15 20:12:37.442, `last_seen` = 2025-12-28 21:09:12.393, `email` = null, `discord` = null, `settings` = '{"settings":[{"value":"survival","key":"last-server"},{"value":"en","key":"language"}],"version":0}' WHERE `ai` = 6" (applied to [last_ip, last_seen, settings] columns)
[2025/12/28 21:09:12]: [nLogin] The user Jmo_fr has successfully logged in.
[2025/12/28 22:50:27]: §3[nLogin] [DEBUG] [SQLite] [UPDATE]: "UPDATE `nlogin` SET `last_name` = 'Jmo_fr', `unique_id` = b03095a333ff3c52a7a7104e93b1c3da,  `mojang_id` = null,  `bedrock_id` = null,  `password` = '$2a$10$j2H3ZEGMTvmk2k247qf1FeDKS96pKi9cGFnmKf5SOkGuCtSL9LOqK', `last_ip` = '0:0:0:0:0:0:0:1', `creation_date` = 2025-12-15 20:12:37.442, `last_seen` = 2025-12-28 22:50:27.197, `email` = null, `discord` = null, `settings` = '{"settings":[{"value":"survival","key":"last-server"},{"value":"en","key":"language"}],"version":0}' WHERE `ai` = 6" (applied to [last_seen, settings] columns)
