[22:20:15] [main/INFO] [com.velocitypowered.proxy.VelocityServer]: Booting up Velocity 3.4.0-SNAPSHOT (git-44bc15db-b512)...
[22:20:15] [main/INFO] [com.velocitypowered.proxy.VelocityServer]: Loading localizations...
[22:20:17] [main/INFO] [com.velocitypowered.proxy.network.ConnectionManager]: Connections will use epoll channels, Java compression, Java ciphers
[22:20:18] [main/WARN] [com.velocitypowered.proxy.config.VelocityConfiguration]: The proxy is running in offline mode! This is a security risk and you will NOT receive any support!
[22:20:18] [main/WARN] [com.velocitypowered.proxy.config.VelocityConfiguration]: Player info forwarding is disabled! All players will appear to be connecting from the proxy and will have offline-mode UUIDs.
[22:20:18] [main/INFO] [com.velocitypowered.proxy.config.VelocityConfiguration]: Unable to load your server-icon.png, continuing without it.
java.lang.IllegalArgumentException: Image is not 64x64 (found 64x68)
	at com.google.common.base.Preconditions.checkArgument(Preconditions.java:299) ~[server.jar:3.4.0-SNAPSHOT (git-44bc15db-b512)]
	at com.velocitypowered.api.util.Favicon.create(Favicon.java:82) ~[server.jar:3.4.0-SNAPSHOT (git-44bc15db-b512)]
	at com.velocitypowered.api.util.Favicon.create(Favicon.java:107) ~[server.jar:3.4.0-SNAPSHOT (git-44bc15db-b512)]
	at com.velocitypowered.proxy.config.VelocityConfiguration.loadFavicon(VelocityConfiguration.java:251) ~[server.jar:3.4.0-SNAPSHOT (git-44bc15db-b512)]
	at com.velocitypowered.proxy.config.VelocityConfiguration.validate(VelocityConfiguration.java:242) ~[server.jar:3.4.0-SNAPSHOT (git-44bc15db-b512)]
	at com.velocitypowered.proxy.VelocityServer.doStartupConfigLoad(VelocityServer.java:403) ~[server.jar:3.4.0-SNAPSHOT (git-44bc15db-b512)]
	at com.velocitypowered.proxy.VelocityServer.start(VelocityServer.java:289) ~[server.jar:3.4.0-SNAPSHOT (git-44bc15db-b512)]
	at com.velocitypowered.proxy.Velocity.main(Velocity.java:76) ~[server.jar:3.4.0-SNAPSHOT (git-44bc15db-b512)]
[22:20:18] [main/INFO] [com.velocitypowered.proxy.VelocityServer]: Loading plugins...
[22:20:19] [main/INFO] [eaglerxserver]: Loading EaglercraftXServer 1.0.7...
[22:20:19] [main/INFO] [eaglerxserver]: (Platform: Velocity)
[22:20:20] [main/INFO] [eaglerxserver]: Server Name: "EaglercraftXServer"
[22:20:20] [main/INFO] [com.velocitypowered.proxy.plugin.VelocityPluginManager]: Loaded plugin eaglerxserver 1.0.7 by lax1dude
[22:20:20] [main/INFO] [com.velocitypowered.proxy.plugin.VelocityPluginManager]: Loaded plugin eaglerweb 1.0.0 by lax1dude
[22:20:20] [main/INFO] [com.velocitypowered.proxy.plugin.VelocityPluginManager]: Loaded plugin eaglerxrewind-1-5 1.0.2 by lax1dude, ayunami2000
[22:20:21] [main/INFO] [com.velocitypowered.proxy.plugin.VelocityPluginManager]: Loaded plugin nlogin 10.4.23 by NickUC
[22:20:21] [main/INFO] [com.velocitypowered.proxy.VelocityServer]: Loaded 5 plugins
[22:20:21] [EaglercraftXServer - Task Executor #0/WARN] [com.velocitypowered.proxy.network.ConnectionManager]: The server channel initializer has been replaced by java.base/jdk.internal.reflect.DirectMethodHandleAccessor.invoke(DirectMethodHandleAccessor.java:104)
[22:20:21] [EaglercraftXServer - Task Executor #0/INFO] [eaglerxserver]: Enabling EaglercraftXServer 1.0.7...
[22:20:21] [EaglercraftXServer - Task Executor #0/INFO] [eaglerxserver]: Connecting to skin cache database "jdbc:sqlite:eagler_skins_cache.db"...
[22:20:22] [EaglercraftXServer - Task Executor #0/INFO] [eaglerxserver]: Connected to skin cache database successfully!
[22:20:22] [EaglercraftXServer - Task Executor #0/INFO] [eaglerweb]: Loading config files...
[22:20:22] [EaglercraftXServer - Task Executor #0/INFO] [eaglerweb]: Indexing pages, please wait...
[22:20:22] [EaglercraftXServer - Task Executor #0/INFO] [eaglerweb]: Indexed 12 pages total!
[22:20:22] [EaglercraftXServer - Task Executor #0/INFO] [eaglerxrewind-1-5]: EaglerXRewind protocol for Eaglercraft 1.5.2 has been registered
[22:20:25] [Netty epoll Worker #0/WARN] [eaglerxserver]: =============================================
[22:20:25] [Netty epoll Worker #0/WARN] [eaglerxserver]: =============================================
[22:20:25] [Netty epoll Worker #0/WARN] [eaglerxserver]: 
[22:20:25] [Netty epoll Worker #0/WARN] [eaglerxserver]:  Updates are available for EaglerXServer
[22:20:25] [Netty epoll Worker #0/WARN] [eaglerxserver]:  ---------------------------------------
[22:20:25] [Netty epoll Worker #0/WARN] [eaglerxserver]: 
[22:20:25] [Netty epoll Worker #0/WARN] [eaglerxserver]:    :< Active: 1.0.7
[22:20:25] [Netty epoll Worker #0/WARN] [eaglerxserver]: 
[22:20:25] [Netty epoll Worker #0/WARN] [eaglerxserver]:    :> Latest: 1.0.8
[22:20:25] [Netty epoll Worker #0/WARN] [eaglerxserver]: 
[22:20:25] [Netty epoll Worker #0/WARN] [eaglerxserver]:  https://lax1dude.net/eaglerxserver/
[22:20:25] [Netty epoll Worker #0/WARN] [eaglerxserver]:  -----------------------------------
[22:20:25] [Netty epoll Worker #0/WARN] [eaglerxserver]: 
[22:20:25] [Netty epoll Worker #0/WARN] [eaglerxserver]: =============================================
[22:20:25] [Netty epoll Worker #0/WARN] [eaglerxserver]: =============================================
[22:20:25] [EaglercraftXServer - Task Executor #0/INFO] [nlogin]: Successful plugin core start (took 0.86s)
[22:20:25] [EaglercraftXServer - Task Executor #0/INFO] [com.velocitypowered.proxy.console.VelocityConsole]:           __             _       
[22:20:25] [EaglercraftXServer - Task Executor #0/INFO] [com.velocitypowered.proxy.console.VelocityConsole]:   _ __   / /  ___   __ _(_)_ __  
[22:20:25] [EaglercraftXServer - Task Executor #0/INFO] [com.velocitypowered.proxy.console.VelocityConsole]:  | '_ \ / /  / _ \ / _` | | '_ \ 
[22:20:25] [EaglercraftXServer - Task Executor #0/INFO] [com.velocitypowered.proxy.console.VelocityConsole]:  | | | / /__| (_) | (_| | | | | |
[22:20:25] [EaglercraftXServer - Task Executor #0/INFO] [com.velocitypowered.proxy.console.VelocityConsole]:  |_| |_\____/\___/ \__, |_|_| |_|
[22:20:25] [EaglercraftXServer - Task Executor #0/INFO] [com.velocitypowered.proxy.console.VelocityConsole]:                   |___/            
[22:20:25] [EaglercraftXServer - Task Executor #0/INFO] [com.velocitypowered.proxy.console.VelocityConsole]:  By: www.nickuc.com - V 10.4.23
[22:20:25] [EaglercraftXServer - Task Executor #0/INFO] [com.velocitypowered.proxy.console.VelocityConsole]:  
[22:20:27] [Netty epoll Boss #0/INFO] [eaglerxserver]: Listener "listener0" injected into channel [id: 0x534e7547, L:/[0:0:0:0:0:0:0:0]:25567] successfully (Velocity method)
[22:20:27] [main/INFO] [com.velocitypowered.proxy.Velocity]: Done (12.6s)!
[22:20:27] [Netty epoll Boss #0/INFO] [com.velocitypowered.proxy.network.ConnectionManager]: Listening on /[0:0:0:0:0:0:0:0]:25567
[22:20:32] [nLogin - Task Executor #0/INFO] [com.velocitypowered.proxy.console.VelocityConsole]: 
[22:20:32] [nLogin - Task Executor #0/INFO] [com.velocitypowered.proxy.console.VelocityConsole]:  Thank you so much for choosing nLogin! <3
[22:20:32] [nLogin - Task Executor #0/INFO] [com.velocitypowered.proxy.console.VelocityConsole]: 
[22:20:32] [nLogin - Task Executor #0/INFO] [com.velocitypowered.proxy.console.VelocityConsole]:  For your safety, please read the message below:
[22:20:32] [nLogin - Task Executor #0/INFO] [com.velocitypowered.proxy.console.VelocityConsole]:   Never download nLogin from unknown sources.
[22:20:32] [nLogin - Task Executor #0/INFO] [com.velocitypowered.proxy.console.VelocityConsole]:   A modified version may contain malicious software.
[22:20:32] [nLogin - Task Executor #0/INFO] [com.velocitypowered.proxy.console.VelocityConsole]: 
[22:20:32] [nLogin - Task Executor #0/INFO] [com.velocitypowered.proxy.console.VelocityConsole]:  Trusted sources:
[22:20:32] [nLogin - Task Executor #0/INFO] [com.velocitypowered.proxy.console.VelocityConsole]:   www.nickuc.com
[22:20:32] [nLogin - Task Executor #0/INFO] [com.velocitypowered.proxy.console.VelocityConsole]:   www.github.com/nickuc
[22:20:32] [nLogin - Task Executor #0/INFO] [com.velocitypowered.proxy.console.VelocityConsole]:   OpeNLogin installer (from Spigot or GitHub)
[22:20:32] [nLogin - Task Executor #0/INFO] [com.velocitypowered.proxy.console.VelocityConsole]: 
[22:20:32] [nLogin - Task Executor #0/INFO] [com.velocitypowered.proxy.console.VelocityConsole]:  Official support channels:
[22:20:32] [nLogin - Task Executor #0/INFO] [com.velocitypowered.proxy.console.VelocityConsole]:   Discord group: www.nickuc.com/discord
[22:20:32] [nLogin - Task Executor #0/INFO] [com.velocitypowered.proxy.console.VelocityConsole]:   Documentation: docs.nickuc.com/nlogin/
[22:20:32] [nLogin - Task Executor #0/INFO] [com.velocitypowered.proxy.console.VelocityConsole]:   Email: support@nickuc.com
[22:20:32] [nLogin - Task Executor #0/INFO] [com.velocitypowered.proxy.console.VelocityConsole]:   YouTube: youtube.com/nickuc
[22:20:32] [nLogin - Task Executor #0/INFO] [com.velocitypowered.proxy.console.VelocityConsole]: 
[22:20:32] [nLogin - Task Executor #0/INFO] [com.velocitypowered.proxy.console.VelocityConsole]:  To remove this warning, log in with "nlogin.admin" permission on the server
[22:20:32] [nLogin - Task Executor #0/INFO] [com.velocitypowered.proxy.console.VelocityConsole]:  and click the "Setup plugin" button to configure your plugin.
[22:20:32] [nLogin - Task Executor #0/INFO] [com.velocitypowered.proxy.console.VelocityConsole]: 
[22:25:35] [Netty epoll Worker #2/INFO] [com.velocitypowered.proxy.connection.client.AuthSessionHandler]: [connected player] Jmofrfr (/[0:0:0:0:0:0:0:1]:55500) has connected
[22:25:35] [Netty epoll Worker #2/INFO] [com.velocitypowered.proxy.connection.MinecraftConnection]: [server connection] Jmofrfr -> auth has connected
[22:25:43] [nLogin - Task Executor #0/INFO] [nlogin]: The user Jmofrfr has successfully logged in.
[22:25:43] [Netty epoll Worker #2/INFO] [com.velocitypowered.proxy.connection.MinecraftConnection]: [server connection] Jmofrfr -> survival has connected
[22:25:45] [Netty epoll Worker #2/INFO] [com.velocitypowered.proxy.connection.MinecraftConnection]: [server connection] Jmofrfr -> auth has disconnected
[22:46:21] [Netty epoll Worker #2/INFO] [com.velocitypowered.proxy.connection.client.ConnectedPlayer]: [connected player] Jmofrfr (/[0:0:0:0:0:0:0:1]:55500) has disconnected: An internal error occurred in your connection.
[22:46:21] [Netty epoll Worker #2/ERROR] [com.velocitypowered.proxy.connection.MinecraftConnection]: [connected player] Jmofrfr (/[0:0:0:0:0:0:0:1]:55500): read timed out
[22:46:21] [Netty epoll Worker #2/INFO] [com.velocitypowered.proxy.connection.MinecraftConnection]: [server connection] Jmofrfr -> survival has disconnected
[22:46:58] [Netty epoll Worker #3/INFO] [com.velocitypowered.proxy.connection.client.AuthSessionHandler]: [connected player] Jmofrfr (/[0:0:0:0:0:0:0:1]:40908) has connected
[22:46:58] [Netty epoll Worker #3/INFO] [com.velocitypowered.proxy.connection.MinecraftConnection]: [server connection] Jmofrfr -> auth has connected
[22:47:03] [nLogin - Task Executor #2/INFO] [nlogin]: The user Jmofrfr has successfully logged in.
[22:47:04] [Netty epoll Worker #3/INFO] [com.velocitypowered.proxy.connection.MinecraftConnection]: [server connection] Jmofrfr -> survival has connected
[22:47:04] [Netty epoll Worker #3/INFO] [com.velocitypowered.proxy.connection.MinecraftConnection]: [server connection] Jmofrfr -> auth has disconnected
[22:51:38] [Netty epoll Worker #3/INFO] [com.velocitypowered.proxy.connection.client.ConnectedPlayer]: [connected player] Jmofrfr (/[0:0:0:0:0:0:0:1]:40908) has disconnected: An internal error occurred in your connection.
[22:51:38] [Netty epoll Worker #3/ERROR] [com.velocitypowered.proxy.connection.MinecraftConnection]: [connected player] Jmofrfr (/[0:0:0:0:0:0:0:1]:40908): read timed out
[22:51:38] [Netty epoll Worker #3/INFO] [com.velocitypowered.proxy.connection.MinecraftConnection]: [server connection] Jmofrfr -> survival has disconnected
[22:53:07] [Netty epoll Worker #2/INFO] [com.velocitypowered.proxy.connection.client.AuthSessionHandler]: [connected player] Jmofrfr (/[0:0:0:0:0:0:0:1]:53630) has connected
[22:53:07] [Netty epoll Worker #2/INFO] [com.velocitypowered.proxy.connection.MinecraftConnection]: [server connection] Jmofrfr -> auth has connected
[22:53:16] [nLogin - Task Executor #9/INFO] [nlogin]: The user Jmofrfr has successfully logged in.
[22:53:16] [Netty epoll Worker #2/INFO] [com.velocitypowered.proxy.connection.MinecraftConnection]: [server connection] Jmofrfr -> survival has connected
[22:53:16] [Netty epoll Worker #2/INFO] [com.velocitypowered.proxy.connection.MinecraftConnection]: [server connection] Jmofrfr -> auth has disconnected
[23:00:56] [Netty epoll Worker #2/INFO] [com.velocitypowered.proxy.connection.client.ConnectedPlayer]: [connected player] Jmofrfr (/[0:0:0:0:0:0:0:1]:53630) has disconnected: An internal error occurred in your connection.
[23:00:56] [Netty epoll Worker #2/ERROR] [com.velocitypowered.proxy.connection.MinecraftConnection]: [connected player] Jmofrfr (/[0:0:0:0:0:0:0:1]:53630): read timed out
[23:00:56] [Netty epoll Worker #2/INFO] [com.velocitypowered.proxy.connection.MinecraftConnection]: [server connection] Jmofrfr -> survival has disconnected
[23:01:24] [Netty epoll Worker #2/INFO] [com.velocitypowered.proxy.connection.client.AuthSessionHandler]: [connected player] Jmofrfr (/[0:0:0:0:0:0:0:1]:46848) has connected
[23:01:24] [Netty epoll Worker #2/INFO] [com.velocitypowered.proxy.connection.MinecraftConnection]: [server connection] Jmofrfr -> auth has connected
[23:01:30] [nLogin - Task Executor #12/INFO] [nlogin]: The user Jmofrfr has successfully logged in.
[23:01:30] [Netty epoll Worker #2/INFO] [com.velocitypowered.proxy.connection.MinecraftConnection]: [server connection] Jmofrfr -> survival has connected
[23:01:30] [Netty epoll Worker #2/INFO] [com.velocitypowered.proxy.connection.MinecraftConnection]: [server connection] Jmofrfr -> auth has disconnected
[23:05:15] [Netty epoll Worker #2/INFO] [com.velocitypowered.proxy.connection.client.ConnectedPlayer]: [connected player] Jmofrfr (/[0:0:0:0:0:0:0:1]:46848) has disconnected: An internal error occurred in your connection.
[23:05:15] [Netty epoll Worker #2/ERROR] [com.velocitypowered.proxy.connection.MinecraftConnection]: [connected player] Jmofrfr (/[0:0:0:0:0:0:0:1]:46848): read timed out
[23:05:15] [Netty epoll Worker #2/INFO] [com.velocitypowered.proxy.connection.MinecraftConnection]: [server connection] Jmofrfr -> survival has disconnected
[23:05:22] [Netty epoll Worker #0/INFO] [com.velocitypowered.proxy.connection.client.AuthSessionHandler]: [connected player] Jmofrfr (/[0:0:0:0:0:0:0:1]:48632) has connected
[23:05:23] [Netty epoll Worker #0/INFO] [com.velocitypowered.proxy.connection.MinecraftConnection]: [server connection] Jmofrfr -> auth has connected
[23:05:30] [nLogin - Task Executor #13/INFO] [nlogin]: The user Jmofrfr has successfully logged in.
[23:05:31] [Netty epoll Worker #0/INFO] [com.velocitypowered.proxy.connection.MinecraftConnection]: [server connection] Jmofrfr -> survival has connected
[23:05:31] [Netty epoll Worker #0/INFO] [com.velocitypowered.proxy.connection.MinecraftConnection]: [server connection] Jmofrfr -> auth has disconnected
[23:08:28] [Netty epoll Worker #0/INFO] [com.velocitypowered.proxy.connection.client.ConnectedPlayer]: [connected player] Jmofrfr (/[0:0:0:0:0:0:0:1]:48632) has disconnected: An internal error occurred in your connection.
[23:08:28] [Netty epoll Worker #0/ERROR] [com.velocitypowered.proxy.connection.MinecraftConnection]: [connected player] Jmofrfr (/[0:0:0:0:0:0:0:1]:48632): read timed out
[23:08:28] [Netty epoll Worker #0/INFO] [com.velocitypowered.proxy.connection.MinecraftConnection]: [server connection] Jmofrfr -> survival has disconnected
